<?xml version="1.0" encoding="utf-8"?><testsuites name="pytest tests"><testsuite name="pytest" errors="0" failures="0" skipped="0" tests="23" time="0.660" timestamp="2026-06-20T15:14:39.438651+00:00" hostname="agent-env-4266fdb5-cd89-40a0-972c-7d230ae6d5e8"><testcase classname="tests.test_screen_detection.TestSyntheticDetection" name="test_synthetic_light_mode" time="0.023" /><testcase classname="tests.test_screen_detection.TestSyntheticDetection" name="test_synthetic_dark_mode" time="0.016" /><testcase classname="tests.test_screen_detection.TestSyntheticDetection" name="test_synthetic_laptop_thin_bezel" time="0.021" /><testcase classname="tests.test_screen_detection.TestSyntheticDetection" name="test_synthetic_monitor_dark_desk" time="0.034" /><testcase classname="tests.test_screen_detection.TestSyntheticDetection" name="test_synthetic_tablet" time="0.024" /><testcase classname="tests.test_screen_detection.TestSyntheticDetection" name="test_synthetic_phone_notch" time="0.011" /><testcase classname="tests.test_screen_detection.TestSyntheticDetection" name="test_synthetic_phone_punch_hole" time="0.010" /><testcase classname="tests.test_screen_detection.TestSyntheticDetection" name="test_synthetic_angled_30" time="0.023" /><testcase classname="tests.test_screen_detection.TestSyntheticDetection" name="test_synthetic_angled_45" time="0.024" /><testcase classname="tests.test_screen_detection.TestSyntheticDetection" name="test_synthetic_angled_60" time="0.023" /><testcase classname="tests.test_screen_detection.TestSyntheticDetection" name="test_synthetic_glare" time="0.017" /><testcase classname="tests.test_screen_detection.TestSyntheticDetection" name="test_synthetic_multi_monitor" time="0.043" /><testcase classname="tests.test_screen_detection.TestSyntheticDetection" name="test_synthetic_busy_background" time="0.027" /><testcase classname="tests.test_screen_detection.TestSyntheticDetection" name="test_synthetic_partial" time="0.017" /><testcase classname="tests.test_screen_detection.TestTiltAngleEstimation" name="test_front_on_angle_near_zero" time="0.000" /><testcase classname="tests.test_screen_detection.TestTiltAngleEstimation" name="test_30_degree_approx" time="0.000" /><testcase classname="tests.test_screen_detection.TestTiltAngleEstimation" name="test_45_degree_approx" time="0.000" /><testcase classname="tests.test_screen_detection.TestTwoStagePipeline" name="test_large_image_detection" time="0.086" /><testcase classname="tests.test_screen_detection.TestTwoStagePipeline" name="test_timing_keys_present" time="0.015" /><testcase classname="tests.test_screen_detection.TestTwoStagePipeline" name="test_small_image_no_downscale" time="0.014" /><testcase classname="tests.test_screen_detection.TestHelperFunctions" name="test_order_points_canonical" time="0.004" /><testcase classname="tests.test_screen_detection.TestHelperFunctions" name="test_valid_screen_shape_rejects_too_large_aspect" time="0.000" /><testcase classname="tests.test_screen_detection.TestHelperFunctions" name="test_valid_screen_shape_accepts_16_9" time="0.000" /></testsuite></testsuites>