<?xml version="1.0" encoding="utf-8"?><testsuites name="pytest tests"><testsuite name="pytest" errors="0" failures="0" skipped="0" tests="3" time="0.724" timestamp="2026-06-21T13:49:54.838289+00:00" hostname="agent-env-4266fdb5-cd89-40a0-972c-7d230ae6d5e8"><testcase classname="backend.tests.test_auth_jwt.TestHealthPublic" name="test_health_returns_200" time="0.268" /><testcase classname="backend.tests.test_auth_jwt.TestAnalyzeWithoutToken" name="test_analyze_no_token_returns_503" time="0.139" /><testcase classname="backend.tests.test_auth_jwt.TestUploadWithoutToken" name="test_upload_no_token_returns_503" time="0.102" /></testsuite></testsuites>