<?xml version="1.0" encoding="utf-8"?><testsuites name="pytest tests"><testsuite name="pytest" errors="0" failures="0" skipped="0" tests="9" time="1.557" timestamp="2026-06-22T02:08:31.572346+00:00" hostname="agent-env-4266fdb5-cd89-40a0-972c-7d230ae6d5e8"><testcase classname="backend.tests.test_analytics_freetier.TestAnonymousCheck" name="test_fresh_anonymous_check" time="0.296" /><testcase classname="backend.tests.test_analytics_freetier.TestAnonymousCheck" name="test_exhausted_anonymous_check" time="0.112" /><testcase classname="backend.tests.test_analytics_freetier.TestAnalyzeEndpoint" name="test_anonymous_user_gets_503_not_401" time="0.119" /><testcase classname="backend.tests.test_analytics_freetier.TestAnalyzeEndpoint" name="test_anonymous_limit_enforced_403" time="0.101" /><testcase classname="backend.tests.test_analytics_freetier.TestAnalyzeEndpoint" name="test_invalid_jwt_returns_503_not_401" time="0.105" /><testcase classname="backend.tests.test_analytics_freetier.TestFeedbackEndpoint" name="test_feedback_missing_event_id" time="0.101" /><testcase classname="backend.tests.test_analytics_freetier.TestFeedbackEndpoint" name="test_feedback_invalid_value" time="0.157" /><testcase classname="backend.tests.test_analytics_freetier.TestFeedbackEndpoint" name="test_feedback_valid_submission" time="0.115" /><testcase classname="backend.tests.test_analytics_freetier.TestFeedbackEndpoint" name="test_feedback_duplicate_returns_409" time="0.143" /></testsuite></testsuites>