<?xml version="1.0" encoding="utf-8"?><testsuites name="pytest tests"><testsuite name="pytest" errors="0" failures="0" skipped="0" tests="8" time="23.731" timestamp="2026-06-20T13:38:16.595744+00:00" hostname="agent-env-4266fdb5-cd89-40a0-972c-7d230ae6d5e8"><testcase classname="backend.tests.test_screensolve.TestHealth" name="test_health_returns_200" time="0.143" /><testcase classname="backend.tests.test_screensolve.TestHealth" name="test_health_response_structure" time="0.094" /><testcase classname="backend.tests.test_screensolve.TestAnalyze" name="test_analyze_returns_success" time="2.897" /><testcase classname="backend.tests.test_screensolve.TestAnalyze" name="test_analyze_response_fields" time="3.094" /><testcase classname="backend.tests.test_screensolve.TestAnalyze" name="test_analyze_invalid_file_type_returns_400" time="0.136" /><testcase classname="backend.tests.test_screensolve.TestAnalyze" name="test_analyze_with_explain_true" time="9.427" /><testcase classname="backend.tests.test_screensolve.TestAnalyze" name="test_analyze_png_image" time="3.875" /><testcase classname="backend.tests.test_screensolve.TestUpload" name="test_upload_works_same_as_analyze" time="4.000" /></testsuite></testsuites>