<?xml version="1.0" encoding="utf-8"?><testsuites name="pytest tests"><testsuite name="pytest" errors="0" failures="0" skipped="0" tests="14" time="1.489" timestamp="2026-06-20T14:52:59.651823+00:00" hostname="agent-env-4266fdb5-cd89-40a0-972c-7d230ae6d5e8"><testcase classname="backend.tests.test_screensolve.TestHealth" name="test_health_status_200" time="0.132" /><testcase classname="backend.tests.test_screensolve.TestHealth" name="test_health_body_status_healthy" time="0.098" /><testcase classname="backend.tests.test_screensolve.TestHealth" name="test_health_no_emergent_fields" time="0.112" /><testcase classname="backend.tests.test_screensolve.TestAnalyzeNoKey" name="test_analyze_503_when_no_key" time="0.116" /><testcase classname="backend.tests.test_screensolve.TestAnalyzeNoKey" name="test_analyze_503_body_success_false" time="0.131" /><testcase classname="backend.tests.test_screensolve.TestUploadNoKey" name="test_upload_503_when_no_key" time="0.101" /><testcase classname="backend.tests.test_screensolve.TestUploadNoKey" name="test_upload_503_body_exact" time="0.110" /><testcase classname="backend.tests.test_screensolve.TestMimeValidation" name="test_invalid_mime_text_plain" time="0.100" /><testcase classname="backend.tests.test_screensolve.TestMimeValidation" name="test_oversized_file" time="0.476" /><testcase classname="backend.tests.test_screensolve.TestProviderImports" name="test_openrouter_provider_imports" time="0.040" /><testcase classname="backend.tests.test_screensolve.TestProviderImports" name="test_emergent_provider_does_not_exist" time="0.000" /><testcase classname="backend.tests.test_screensolve.TestProviderImports" name="test_requirements_no_emergentintegrations" time="0.000" /><testcase classname="backend.tests.test_screensolve.TestProviderImports" name="test_env_no_emergent_keys" time="0.000" /><testcase classname="backend.tests.test_screensolve.TestProviderImports" name="test_no_emergent_in_source" time="0.004" /></testsuite></testsuites>